<?xml version="1.0" encoding="UTF-8"?>
<!-- Generated by org.testng.reporters.JUnitReportReporter -->
<testsuite hostname="yogita" failures="0" tests="4" name="runners.TestRunner" time="41.766" errors="0" timestamp="2026-03-07T13:09:48 IST" skipped="0">
  <testcase classname="runners.TestRunner" name="runScenario" time="6.878"/>
  <testcase classname="runners.TestRunner" name="runScenario" time="11.698"/>
  <testcase classname="runners.TestRunner" name="runScenario" time="10.183"/>
  <testcase classname="runners.TestRunner" name="runScenario" time="13.007"/>
</testsuite> <!-- runners.TestRunner -->
